<?xml version="1.0" encoding="UTF-8"?>
<!-- Generated by org.testng.reporters.JUnitXMLReporter -->
<testsuite ignored="0" hostname="LAPTOP-MU73VCAM" failures="0" tests="6" name="Default test" time="6.232" errors="0" timestamp="2023-08-21T16:34:11 MDT">
  <testcase classname="servusTest.TestClass" name="Test1" time="0.272"/>
  <testcase classname="servusTest.TestClass" name="Test2" time="0.076"/>
  <testcase classname="servusTest.TestClass" name="Test3" time="0.12"/>
  <testcase classname="servusTest.TestClass" name="Test4" time="0.08"/>
  <testcase classname="servusTest.TestClass" name="Test5" time="5.513"/>
  <testcase classname="servusTest.TestClass" name="Test6" time="0.06"/>
</testsuite> <!-- Default test -->
