<?xml version="1.0" encoding="UTF-8"?>
<!-- Generated by org.testng.reporters.JUnitXMLReporter -->
<testsuite ignored="0" hostname="LAPTOP-MU73VCAM" failures="0" tests="6" name="Default test" time="3.157" errors="0" timestamp="2023-08-27T16:25:08 MDT">
  <testcase classname="servusTest.TestClass" name="Test1" time="0.314"/>
  <testcase classname="servusTest.TestClass" name="Test2" time="0.089"/>
  <testcase classname="servusTest.TestClass" name="Test3" time="0.136"/>
  <testcase classname="servusTest.TestClass" name="Test4" time="0.065"/>
  <testcase classname="servusTest.TestClass" name="Test5" time="2.29"/>
  <testcase classname="servusTest.TestClass" name="Test6" time="0.085"/>
</testsuite> <!-- Default test -->
