<?xml version="1.0" encoding="UTF-8"?>
<!-- Generated by org.testng.reporters.JUnitXMLReporter -->
<testsuite ignored="0" hostname="LAPTOP-MU73VCAM" failures="0" tests="6" name="Test" time="4.356" errors="0" timestamp="2023-08-27T16:34:53 MDT">
  <testcase classname="servusTest.TestClass" name="Test1" time="0.296"/>
  <testcase classname="servusTest.TestClass" name="Test2" time="0.083"/>
  <testcase classname="servusTest.TestClass" name="Test3" time="0.126"/>
  <testcase classname="servusTest.TestClass" name="Test4" time="0.104"/>
  <testcase classname="servusTest.TestClass" name="Test5" time="3.452"/>
  <testcase classname="servusTest.TestClass" name="Test6" time="0.069"/>
</testsuite> <!-- Test -->
