<?xml version="1.0" encoding="UTF-8"?>
<!-- Generated by org.testng.reporters.JUnitXMLReporter -->
<testsuite ignored="0" hostname="LAPTOP-MU73VCAM" failures="0" tests="6" name="Test" time="8.562" errors="0" timestamp="2023-08-27T16:59:44 MDT">
  <testcase classname="servusTest.TestClass" name="Test1" time="0.332"/>
  <testcase classname="servusTest.TestClass" name="Test2" time="0.11"/>
  <testcase classname="servusTest.TestClass" name="Test3" time="0.155"/>
  <testcase classname="servusTest.TestClass" name="Test4" time="0.066"/>
  <testcase classname="servusTest.TestClass" name="Test5" time="7.65"/>
  <testcase classname="servusTest.TestClass" name="Test6" time="0.075"/>
</testsuite> <!-- Test -->
