<?xml version="1.0" encoding="UTF-8"?>
<testsuite xmlns:xsi="http://www.w3.org/2001/XMLSchema-instance" xsi:noNamespaceSchemaLocation="https://maven.apache.org/surefire/maven-surefire-plugin/xsd/surefire-test-report-3.0.xsd" version="3.0" name="TestSuite" time="11.289" tests="6" errors="0" skipped="0" failures="0">
  <properties>
[...]
</properties>
  <testcase name="Test1" classname="servusTest.TestClass" time="0.327">
    <system-out><![CDATA[
Test 1 Initiated ---> Input Fields and Button
Navigating to Home Page
Navigated to Home Page
Username Field is Present
Password Field is present
Button is Present
]]></system-out>
    <system-err><![CDATA[Starting ChromeDriver 115.0.5790.170 (cc0d30c2ca5577520c8646671513241faa0bc105-refs/branch-heads/5790@{#1923}) on port 42504
Only local connections are allowed.
Please see https://chromedriver.chromium.org/security-considerations for suggestions on keeping ChromeDriver safe.
ChromeDriver was started successfully.
[1693177175.044][WARNING]: This version of ChromeDriver has not been tested with Chrome version 116.
Aug. 27, 2023 4:59:35 P.M. org.openqa.selenium.remote.ProtocolHandshake createSession
INFO: Detected dialect: W3C
]]></system-err>
  </testcase>
  <testcase name="Test2" classname="servusTest.TestClass" time="0.111">
    <system-out><![CDATA[
Test 2 Initiated ---> List Group Elements
Navigating to Home Page
Navigated to Home Page
List size is 3
Second list item value is set to List Item 2
Badge number of List Item 2 is 6
]]></system-out>
  </testcase>
  <testcase name="Test3" classname="servusTest.TestClass" time="0.155">
    <system-out><![CDATA[
Test 3 Initiated ---> Drop Down Menu
Navigating to Home Page
Navigated to Home Page
Default Visible drop-down option is Option 1
]]></system-out>
  </testcase>
  <testcase name="Test4" classname="servusTest.TestClass" time="0.066">
    <system-out><![CDATA[
Test 4 Initiated ---> Buttons Enabled/Disabled
Navigating to Home Page
Navigated to Home Page
Button 1 is Enabled
Button 2 is Disabled
]]></system-out>
  </testcase>
  <testcase name="Test5" classname="servusTest.TestClass" time="7.651">
    <system-out><![CDATA[
Test 5 Initiated ---> Button Visibility
Navigating to Home Page
Navigated to Home Page
You clicked a button is Displayed
]]></system-out>
  </testcase>
  <testcase name="Test6" classname="servusTest.TestClass" time="0.074">
    <system-out><![CDATA[
Test 6 Initiated ---> Table Elements
Navigating to Home Page
Navigated to Home Page
The value at coordinates 2,2, is not Ventosanzap
]]></system-out>
  </testcase>
</testsuite>